[01m[K/home/olia/ros2_ws/src/motor/src/driver.cpp:[m[K In lambda function:
[01m[K/home/olia/ros2_ws/src/motor/src/driver.cpp:29:28:[m[K [01;31m[Kerror: [m[Kâ€˜[01m[KMotorData[m[Kâ€™ was not declared in this scope
   29 |       auto motor_message = [01;31m[KMotorData[m[K();
      |                            [01;31m[K^~~~~~~~~[m[K
gmake[2]: *** [CMakeFiles/motor.dir/build.make:76: CMakeFiles/motor.dir/src/driver.cpp.o] Error 1
gmake[1]: *** [CMakeFiles/Makefile2:139: CMakeFiles/motor.dir/all] Error 2
gmake: *** [Makefile:146: all] Error 2
