[0.074s] Invoking command in '/home/olia/ros2_ws/src/motor/build/motor': CMAKE_PREFIX_PATH=${CMAKE_PREFIX_PATH}:/opt/ros/jazzy DEBUGINFOD_URLS=https://debuginfod.ubuntu.com /usr/bin/cmake --build /home/olia/ros2_ws/src/motor/build/motor -- -j4 -l4
[0.752s] -- Found ament_cmake: 2.5.2 (/opt/ros/jazzy/share/ament_cmake/cmake)
[1.983s] -- Found rclcpp: 28.1.3 (/opt/ros/jazzy/share/rclcpp/cmake)
[2.248s] -- Found rosidl_generator_c: 4.6.3 (/opt/ros/jazzy/share/rosidl_generator_c/cmake)
[2.316s] -- Found rosidl_generator_cpp: 4.6.3 (/opt/ros/jazzy/share/rosidl_generator_cpp/cmake)
[2.400s] -- Using all available rosidl_typesupport_c: rosidl_typesupport_fastrtps_c;rosidl_typesupport_introspection_c
[2.537s] -- Using all available rosidl_typesupport_cpp: rosidl_typesupport_fastrtps_cpp;rosidl_typesupport_introspection_cpp
[3.229s] -- Found rmw_implementation_cmake: 7.3.1 (/opt/ros/jazzy/share/rmw_implementation_cmake/cmake)
[3.287s] -- Found rmw_fastrtps_cpp: 8.4.1 (/opt/ros/jazzy/share/rmw_fastrtps_cpp/cmake)
[3.835s] -- Using RMW implementation 'rmw_fastrtps_cpp' as default
[4.313s] -- Found std_msgs: 5.3.5 (/opt/ros/jazzy/share/std_msgs/cmake)
[4.843s] -- Configuring done (4.2s)
[4.998s] -- Generating done (0.1s)
[5.010s] -- Build files have been written to: /home/olia/ros2_ws/src/motor/build/motor
[5.298s] [ 50%] Built target lines
[5.404s] [ 75%] [32mBuilding CXX object CMakeFiles/motor.dir/src/driver.cpp.o[0m
[19.383s] [01m[K/home/olia/ros2_ws/src/motor/src/driver.cpp:[m[K In lambda function:
[19.383s] [01m[K/home/olia/ros2_ws/src/motor/src/driver.cpp:29:28:[m[K [01;31m[Kerror: [m[Kâ€˜[01m[KMotorData[m[Kâ€™ was not declared in this scope
[19.383s]    29 |       auto motor_message = [01;31m[KMotorData[m[K();
[19.384s]       |                            [01;31m[K^~~~~~~~~[m[K
[24.021s] gmake[2]: *** [CMakeFiles/motor.dir/build.make:76: CMakeFiles/motor.dir/src/driver.cpp.o] Error 1
[24.022s] gmake[1]: *** [CMakeFiles/Makefile2:139: CMakeFiles/motor.dir/all] Error 2
[24.023s] gmake: *** [Makefile:146: all] Error 2
[24.032s] Invoked command in '/home/olia/ros2_ws/src/motor/build/motor' returned '2': CMAKE_PREFIX_PATH=${CMAKE_PREFIX_PATH}:/opt/ros/jazzy DEBUGINFOD_URLS=https://debuginfod.ubuntu.com /usr/bin/cmake --build /home/olia/ros2_ws/src/motor/build/motor -- -j4 -l4
