[0.055s] Invoking command in '/home/olia/ros2_ws/src/motor/build/motor': DEBUGINFOD_URLS=https://debuginfod.ubuntu.com /usr/bin/cmake --build /home/olia/ros2_ws/src/motor/build/motor -- -j4 -l4
[0.681s] -- Found ament_cmake: 2.5.2 (/opt/ros/jazzy/share/ament_cmake/cmake)
[19.140s] Traceback (most recent call last):
[19.141s]   File "/opt/ros/jazzy/share/ament_cmake_core/cmake/package_templates/templates_2_cmake.py", line 21, in <module>
[19.141s]     from ament_package.templates import get_environment_hook_template_path
[19.142s] ModuleNotFoundError: No module named 'ament_package'
[19.270s] [31mCMake Error at /opt/ros/jazzy/share/ament_cmake_core/cmake/ament_cmake_package_templates-extras.cmake:41 (message):
[19.270s]   execute_process(/usr/bin/python3
[19.271s]   /opt/ros/jazzy/share/ament_cmake_core/cmake/package_templates/templates_2_cmake.py
[19.271s]   /home/olia/ros2_ws/src/motor/build/motor/ament_cmake_package_templates/templates.cmake)
[19.271s]   returned error code 1
[19.272s] Call Stack (most recent call first):
[19.272s]   /opt/ros/jazzy/share/ament_cmake_core/cmake/ament_cmake_coreConfig.cmake:41 (include)
[19.272s]   /opt/ros/jazzy/share/ament_cmake/cmake/ament_cmake_export_dependencies-extras.cmake:15 (find_package)
[19.273s]   /opt/ros/jazzy/share/ament_cmake/cmake/ament_cmakeConfig.cmake:41 (include)
[19.273s]   CMakeLists.txt:9 (find_package)
[19.273s] 
[19.274s] [0m
[19.274s] -- Configuring incomplete, errors occurred!
[19.299s] gmake: *** [Makefile:267: cmake_check_build_system] Error 1
[19.307s] Invoked command in '/home/olia/ros2_ws/src/motor/build/motor' returned '2': DEBUGINFOD_URLS=https://debuginfod.ubuntu.com /usr/bin/cmake --build /home/olia/ros2_ws/src/motor/build/motor -- -j4 -l4
