[01m[K/home/olia/ros2_ws/src/motor/src/driver.cpp:[m[K In constructor â€˜[01m[KMotor::[01;32m[KMotor[m[K()[m[Kâ€™:
[01m[K/home/olia/ros2_ws/src/motor/src/driver.cpp:29:5:[m[K [01;31m[Kerror: [m[Kâ€˜[01m[Kmessage[m[Kâ€™ was not declared in this scope; did you mean â€˜[01m[Kmesssage[m[Kâ€™?
   29 |     [01;31m[Kmessage[m[K.data = "Init sucsess!";
      |     [01;31m[K^~~~~~~[m[K
      |     [32m[Kmesssage[m[K
gmake[2]: *** [CMakeFiles/motor.dir/build.make:76: CMakeFiles/motor.dir/src/driver.cpp.o] Error 1
gmake[1]: *** [CMakeFiles/Makefile2:139: CMakeFiles/motor.dir/all] Error 2
gmake: *** [Makefile:146: all] Error 2
