[0.043s] Invoking command in '/home/olia/ros2_ws/src/motor/build/motor': /usr/bin/cmake --build /home/olia/ros2_ws/src/motor/build/motor -- -j4 -l4
[0.266s] [ 50%] Built target lines
[0.310s] [ 75%] [32mBuilding CXX object CMakeFiles/motor.dir/src/driver.cpp.o[0m
[11.545s] [01m[K/home/olia/ros2_ws/src/motor/src/driver.cpp:[m[K In constructor â€˜[01m[KMotor::[01;32m[KMotor[m[K()[m[Kâ€™:
[11.545s] [01m[K/home/olia/ros2_ws/src/motor/src/driver.cpp:29:5:[m[K [01;31m[Kerror: [m[Kâ€˜[01m[Kmessage[m[Kâ€™ was not declared in this scope; did you mean â€˜[01m[Kmesssage[m[Kâ€™?
[11.546s]    29 |     [01;31m[Kmessage[m[K.data = "Init sucsess!";
[11.546s]       |     [01;31m[K^~~~~~~[m[K
[11.546s]       |     [32m[Kmesssage[m[K
[16.077s] gmake[2]: *** [CMakeFiles/motor.dir/build.make:76: CMakeFiles/motor.dir/src/driver.cpp.o] Error 1
[16.077s] gmake[1]: *** [CMakeFiles/Makefile2:139: CMakeFiles/motor.dir/all] Error 2
[16.078s] gmake: *** [Makefile:146: all] Error 2
[16.086s] Invoked command in '/home/olia/ros2_ws/src/motor/build/motor' returned '2': /usr/bin/cmake --build /home/olia/ros2_ws/src/motor/build/motor -- -j4 -l4
