[0.057s] Invoking command in '/home/olia/ros2_ws/src/motor/build/motor': CMAKE_PREFIX_PATH=${CMAKE_PREFIX_PATH}:/opt/ros/jazzy DEBUGINFOD_URLS=https://debuginfod.ubuntu.com /usr/bin/cmake --build /home/olia/ros2_ws/src/motor/build/motor -- -j4 -l4
[0.210s] -- Found ament_cmake: 2.5.2 (/opt/ros/jazzy/share/ament_cmake/cmake)
[1.283s] -- Found rclcpp: 28.1.3 (/opt/ros/jazzy/share/rclcpp/cmake)
[1.477s] -- Found rosidl_generator_c: 4.6.3 (/opt/ros/jazzy/share/rosidl_generator_c/cmake)
[1.517s] -- Found rosidl_generator_cpp: 4.6.3 (/opt/ros/jazzy/share/rosidl_generator_cpp/cmake)
[1.565s] -- Using all available rosidl_typesupport_c: rosidl_typesupport_fastrtps_c;rosidl_typesupport_introspection_c
[1.621s] -- Using all available rosidl_typesupport_cpp: rosidl_typesupport_fastrtps_cpp;rosidl_typesupport_introspection_cpp
[1.852s] -- Found rmw_implementation_cmake: 7.3.1 (/opt/ros/jazzy/share/rmw_implementation_cmake/cmake)
[1.858s] -- Found rmw_fastrtps_cpp: 8.4.1 (/opt/ros/jazzy/share/rmw_fastrtps_cpp/cmake)
[2.160s] -- Using RMW implementation 'rmw_fastrtps_cpp' as default
[2.388s] -- Found std_msgs: 5.3.5 (/opt/ros/jazzy/share/std_msgs/cmake)
[2.847s] -- Configuring done (2.7s)
[2.906s] -- Generating done (0.0s)
[2.918s] -- Build files have been written to: /home/olia/ros2_ws/src/motor/build/motor
[3.188s] [ 50%] [32mBuilding CXX object CMakeFiles/motor.dir/src/driver.cpp.o[0m
[14.670s] [01m[K/home/olia/ros2_ws/src/motor/src/driver.cpp:[m[K In function â€˜[01m[Kint[01;32m[K main[m[K(int, char**)[m[Kâ€™:
[14.671s] [01m[K/home/olia/ros2_ws/src/motor/src/driver.cpp:83:31:[m[K [01;31m[Kerror: [m[Kâ€˜[01m[Kgpiod_chip_open_by_name[m[Kâ€™ was not declared in this scope
[14.671s]    83 |     struct gpiod_chip *chip = [01;31m[Kgpiod_chip_open_by_name[m[K(chipname);
[14.672s]       |                               [01;31m[K^~~~~~~~~~~~~~~~~~~~~~~[m[K
[14.695s] [01m[K/home/olia/ros2_ws/src/motor/src/driver.cpp:90:31:[m[K [01;31m[Kerror: [m[Kâ€˜[01m[Kgpiod_chip_get_line[m[Kâ€™ was not declared in this scope
[14.695s]    90 |     struct gpiod_line *line = [01;31m[Kgpiod_chip_get_line[m[K(chip, line_num);
[14.696s]       |                               [01;31m[K^~~~~~~~~~~~~~~~~~~[m[K
[14.715s] [01m[K/home/olia/ros2_ws/src/motor/src/driver.cpp:93:9:[m[K [01;31m[Kerror: [m[Kâ€˜[01m[Kgpiod_chip_close[m[Kâ€™ was not declared in this scope; did you mean â€˜[01m[Kgpiod_chip[m[Kâ€™?
[14.716s]    93 |         [01;31m[Kgpiod_chip_close[m[K(chip);
[14.716s]       |         [01;31m[K^~~~~~~~~~~~~~~~[m[K
[14.717s]       |         [32m[Kgpiod_chip[m[K
[14.748s] [01m[K/home/olia/ros2_ws/src/motor/src/driver.cpp:98:9:[m[K [01;31m[Kerror: [m[Kâ€˜[01m[Kgpiod_line_request_output[m[Kâ€™ was not declared in this scope
[14.749s]    98 |     if ([01;31m[Kgpiod_line_request_output[m[K(line, "example", 0) < 0) {
[14.749s]       |         [01;31m[K^~~~~~~~~~~~~~~~~~~~~~~~~[m[K
[14.768s] [01m[K/home/olia/ros2_ws/src/motor/src/driver.cpp:100:9:[m[K [01;31m[Kerror: [m[Kâ€˜[01m[Kgpiod_chip_close[m[Kâ€™ was not declared in this scope; did you mean â€˜[01m[Kgpiod_chip[m[Kâ€™?
[14.769s]   100 |         [01;31m[Kgpiod_chip_close[m[K(chip);
[14.769s]       |         [01;31m[K^~~~~~~~~~~~~~~~[m[K
[14.770s]       |         [32m[Kgpiod_chip[m[K
[14.795s] [01m[K/home/olia/ros2_ws/src/motor/src/driver.cpp:107:13:[m[K [01;31m[Kerror: [m[Kâ€˜[01m[Kgpiod_line_set_value[m[Kâ€™ was not declared in this scope
[14.795s]   107 |         if ([01;31m[Kgpiod_line_set_value[m[K(line, val) < 0) {
[14.796s]       |             [01;31m[K^~~~~~~~~~~~~~~~~~~~[m[K
[14.818s] [01m[K/home/olia/ros2_ws/src/motor/src/driver.cpp:109:13:[m[K [01;31m[Kerror: [m[Kâ€˜[01m[Kgpiod_line_release[m[Kâ€™ was not declared in this scope
[14.818s]   109 |             [01;31m[Kgpiod_line_release[m[K(line);
[14.819s]       |             [01;31m[K^~~~~~~~~~~~~~~~~~[m[K
[14.838s] [01m[K/home/olia/ros2_ws/src/motor/src/driver.cpp:110:13:[m[K [01;31m[Kerror: [m[Kâ€˜[01m[Kgpiod_chip_close[m[Kâ€™ was not declared in this scope; did you mean â€˜[01m[Kgpiod_chip[m[Kâ€™?
[14.838s]   110 |             [01;31m[Kgpiod_chip_close[m[K(chip);
[14.839s]       |             [01;31m[K^~~~~~~~~~~~~~~~[m[K
[14.839s]       |             [32m[Kgpiod_chip[m[K
[14.861s] [01m[K/home/olia/ros2_ws/src/motor/src/driver.cpp:118:5:[m[K [01;31m[Kerror: [m[Kâ€˜[01m[Kgpiod_line_release[m[Kâ€™ was not declared in this scope
[14.862s]   118 |     [01;31m[Kgpiod_line_release[m[K(line);
[14.862s]       |     [01;31m[K^~~~~~~~~~~~~~~~~~[m[K
[14.881s] [01m[K/home/olia/ros2_ws/src/motor/src/driver.cpp:119:5:[m[K [01;31m[Kerror: [m[Kâ€˜[01m[Kgpiod_chip_close[m[Kâ€™ was not declared in this scope; did you mean â€˜[01m[Kgpiod_chip[m[Kâ€™?
[14.882s]   119 |     [01;31m[Kgpiod_chip_close[m[K(chip);
[14.882s]       |     [01;31m[K^~~~~~~~~~~~~~~~[m[K
[14.883s]       |     [32m[Kgpiod_chip[m[K
[19.424s] gmake[2]: *** [CMakeFiles/motor.dir/build.make:76: CMakeFiles/motor.dir/src/driver.cpp.o] Error 1
[19.424s] gmake[1]: *** [CMakeFiles/Makefile2:137: CMakeFiles/motor.dir/all] Error 2
[19.425s] gmake: *** [Makefile:146: all] Error 2
[19.433s] Invoked command in '/home/olia/ros2_ws/src/motor/build/motor' returned '2': CMAKE_PREFIX_PATH=${CMAKE_PREFIX_PATH}:/opt/ros/jazzy DEBUGINFOD_URLS=https://debuginfod.ubuntu.com /usr/bin/cmake --build /home/olia/ros2_ws/src/motor/build/motor -- -j4 -l4
