[0.055s] Invoking command in '/home/olia/ros2_ws/src/motor/build/motor': /usr/bin/cmake --build /home/olia/ros2_ws/src/motor/build/motor -- -j4 -l4
[0.833s] -- Found ament_cmake: 2.5.2 (/opt/ros/jazzy/share/ament_cmake/cmake)
[19.283s] Traceback (most recent call last):
[19.283s]   File "/opt/ros/jazzy/share/ament_cmake_core/cmake/package_templates/templates_2_cmake.py", line 21, in <module>
[19.284s]     from ament_package.templates import get_environment_hook_template_path
[19.284s] ModuleNotFoundError: No module named 'ament_package'
[19.428s] [31mCMake Error at /opt/ros/jazzy/share/ament_cmake_core/cmake/ament_cmake_package_templates-extras.cmake:41 (message):
[19.429s]   execute_process(/usr/bin/python3
[19.430s]   /opt/ros/jazzy/share/ament_cmake_core/cmake/package_templates/templates_2_cmake.py
[19.431s]   /home/olia/ros2_ws/src/motor/build/motor/ament_cmake_package_templates/templates.cmake)
[19.431s]   returned error code 1
[19.432s] Call Stack (most recent call first):
[19.433s]   /opt/ros/jazzy/share/ament_cmake_core/cmake/ament_cmake_coreConfig.cmake:41 (include)
[19.434s]   /opt/ros/jazzy/share/ament_cmake/cmake/ament_cmake_export_dependencies-extras.cmake:15 (find_package)
[19.435s]   /opt/ros/jazzy/share/ament_cmake/cmake/ament_cmakeConfig.cmake:41 (include)
[19.436s]   CMakeLists.txt:9 (find_package)
[19.437s] 
[19.438s] [0m
[19.438s] -- Configuring incomplete, errors occurred!
[19.470s] gmake: *** [Makefile:308: cmake_check_build_system] Error 1
[19.479s] Invoked command in '/home/olia/ros2_ws/src/motor/build/motor' returned '2': /usr/bin/cmake --build /home/olia/ros2_ws/src/motor/build/motor -- -j4 -l4
