[ 50%] [32mBuilding CXX object CMakeFiles/motor.dir/src/driver.cpp.o[0m
[01m[K/home/olia/ros2_ws/src/motor/src/driver.cpp:[m[K In function â€˜[01m[Kint[01;32m[K main[m[K(int, char**)[m[Kâ€™:
[01m[K/home/olia/ros2_ws/src/motor/src/driver.cpp:83:12:[m[K [01;31m[Kerror: [m[Kâ€˜[01m[Kgpiod_chip_get_line[m[Kâ€™ was not declared in this scope; did you mean â€˜[01m[Kgpiod_chip_get_info[m[Kâ€™?
   83 |     line = [01;31m[Kgpiod_chip_get_line[m[K(chip, 21);
      |            [01;31m[K^~~~~~~~~~~~~~~~~~~[m[K
      |            [32m[Kgpiod_chip_get_info[m[K
[01m[K/home/olia/ros2_ws/src/motor/src/driver.cpp:88:13:[m[K [01;31m[Kerror: [m[Kâ€˜[01m[Kgpiod_line_get_value[m[Kâ€™ was not declared in this scope; did you mean â€˜[01m[Kgpiod_line_value[m[Kâ€™?
   88 |     value = [01;31m[Kgpiod_line_get_value[m[K(line);
      |             [01;31m[K^~~~~~~~~~~~~~~~~~~~[m[K
      |             [32m[Kgpiod_line_value[m[K
[01m[K/home/olia/ros2_ws/src/motor/src/driver.cpp:78:9:[m[K [01;35m[Kwarning: [m[Kunused variable â€˜[01m[Kreq[m[Kâ€™ [[01;35m[K-Wunused-variable[m[K]
   78 |     int [01;35m[Kreq[m[K, value;
      |         [01;35m[K^~~[m[K
gmake[2]: *** [CMakeFiles/motor.dir/build.make:76: CMakeFiles/motor.dir/src/driver.cpp.o] Error 1
gmake[1]: *** [CMakeFiles/Makefile2:137: CMakeFiles/motor.dir/all] Error 2
gmake: *** [Makefile:146: all] Error 2
