[ 50%] [32mBuilding CXX object CMakeFiles/motor.dir/src/driver.cpp.o[0m
[01m[K/home/olia/ros2_ws/src/motor/src/driver.cpp:[m[K In function â€˜[01m[Kint[01;32m[K main[m[K(int, char**)[m[Kâ€™:
[01m[K/home/olia/ros2_ws/src/motor/src/driver.cpp:97:27:[m[K [01;31m[Kerror: [m[Kexpected primary-expression before â€˜[01m[K.[m[Kâ€™ token
   97 |    auto line = gpiod::chip[01;31m[K.[m[Kget_line(21);  // GPIO21
      |                           [01;31m[K^[m[K
[01m[K/home/olia/ros2_ws/src/motor/src/driver.cpp:98:50:[m[K [01;31m[Kerror: [m[Kâ€˜[01m[KDIRECTION_OUTPUT[m[Kâ€™ is not a member of â€˜[01m[Kgpiod::line_request[m[Kâ€™
   98 |    line.request({"example", gpiod::line_request::[01;31m[KDIRECTION_OUTPUT[m[K, 0},1);
      |                                                  [01;31m[K^~~~~~~~~~~~~~~~[m[K
gmake[2]: *** [CMakeFiles/motor.dir/build.make:76: CMakeFiles/motor.dir/src/driver.cpp.o] Error 1
gmake[1]: *** [CMakeFiles/Makefile2:137: CMakeFiles/motor.dir/all] Error 2
gmake: *** [Makefile:146: all] Error 2
