[0.057s] Invoking command in '/home/olia/ros2_ws/src/motor/build/motor': CMAKE_PREFIX_PATH=${CMAKE_PREFIX_PATH}:/opt/ros/jazzy DEBUGINFOD_URLS=https://debuginfod.ubuntu.com /usr/bin/cmake --build /home/olia/ros2_ws/src/motor/build/motor -- -j4 -l4
[0.424s] [ 50%] [32mBuilding CXX object CMakeFiles/motor.dir/src/driver.cpp.o[0m
[11.875s] [01m[K/home/olia/ros2_ws/src/motor/src/driver.cpp:[m[K In function â€˜[01m[Kint[01;32m[K main[m[K(int, char**)[m[Kâ€™:
[11.876s] [01m[K/home/olia/ros2_ws/src/motor/src/driver.cpp:83:31:[m[K [01;31m[Kerror: [m[Kâ€˜[01m[Kgpiod_chip_open_by_name[m[Kâ€™ was not declared in this scope
[11.876s]    83 |     struct gpiod_chip *chip = [01;31m[Kgpiod_chip_open_by_name[m[K(chipname);
[11.877s]       |                               [01;31m[K^~~~~~~~~~~~~~~~~~~~~~~[m[K
[11.900s] [01m[K/home/olia/ros2_ws/src/motor/src/driver.cpp:90:31:[m[K [01;31m[Kerror: [m[Kâ€˜[01m[Kgpiod_chip_get_line[m[Kâ€™ was not declared in this scope
[11.900s]    90 |     struct gpiod_line *line = [01;31m[Kgpiod_chip_get_line[m[K(chip, line_num);
[11.901s]       |                               [01;31m[K^~~~~~~~~~~~~~~~~~~[m[K
[11.920s] [01m[K/home/olia/ros2_ws/src/motor/src/driver.cpp:93:9:[m[K [01;31m[Kerror: [m[Kâ€˜[01m[Kgpiod_chip_close[m[Kâ€™ was not declared in this scope; did you mean â€˜[01m[Kgpiod_chip[m[Kâ€™?
[11.921s]    93 |         [01;31m[Kgpiod_chip_close[m[K(chip);
[11.921s]       |         [01;31m[K^~~~~~~~~~~~~~~~[m[K
[11.922s]       |         [32m[Kgpiod_chip[m[K
[11.953s] [01m[K/home/olia/ros2_ws/src/motor/src/driver.cpp:98:9:[m[K [01;31m[Kerror: [m[Kâ€˜[01m[Kgpiod_line_request_output[m[Kâ€™ was not declared in this scope
[11.954s]    98 |     if ([01;31m[Kgpiod_line_request_output[m[K(line, "example", 0) < 0) {
[11.954s]       |         [01;31m[K^~~~~~~~~~~~~~~~~~~~~~~~~[m[K
[11.974s] [01m[K/home/olia/ros2_ws/src/motor/src/driver.cpp:100:9:[m[K [01;31m[Kerror: [m[Kâ€˜[01m[Kgpiod_chip_close[m[Kâ€™ was not declared in this scope; did you mean â€˜[01m[Kgpiod_chip[m[Kâ€™?
[11.974s]   100 |         [01;31m[Kgpiod_chip_close[m[K(chip);
[11.975s]       |         [01;31m[K^~~~~~~~~~~~~~~~[m[K
[11.975s]       |         [32m[Kgpiod_chip[m[K
[12.000s] [01m[K/home/olia/ros2_ws/src/motor/src/driver.cpp:107:13:[m[K [01;31m[Kerror: [m[Kâ€˜[01m[Kgpiod_line_set_value[m[Kâ€™ was not declared in this scope
[12.000s]   107 |         if ([01;31m[Kgpiod_line_set_value[m[K(line, val) < 0) {
[12.001s]       |             [01;31m[K^~~~~~~~~~~~~~~~~~~~[m[K
[12.023s] [01m[K/home/olia/ros2_ws/src/motor/src/driver.cpp:109:13:[m[K [01;31m[Kerror: [m[Kâ€˜[01m[Kgpiod_line_release[m[Kâ€™ was not declared in this scope
[12.024s]   109 |             [01;31m[Kgpiod_line_release[m[K(line);
[12.024s]       |             [01;31m[K^~~~~~~~~~~~~~~~~~[m[K
[12.044s] [01m[K/home/olia/ros2_ws/src/motor/src/driver.cpp:110:13:[m[K [01;31m[Kerror: [m[Kâ€˜[01m[Kgpiod_chip_close[m[Kâ€™ was not declared in this scope; did you mean â€˜[01m[Kgpiod_chip[m[Kâ€™?
[12.044s]   110 |             [01;31m[Kgpiod_chip_close[m[K(chip);
[12.045s]       |             [01;31m[K^~~~~~~~~~~~~~~~[m[K
[12.045s]       |             [32m[Kgpiod_chip[m[K
[12.067s] [01m[K/home/olia/ros2_ws/src/motor/src/driver.cpp:118:5:[m[K [01;31m[Kerror: [m[Kâ€˜[01m[Kgpiod_line_release[m[Kâ€™ was not declared in this scope
[12.068s]   118 |     [01;31m[Kgpiod_line_release[m[K(line);
[12.068s]       |     [01;31m[K^~~~~~~~~~~~~~~~~~[m[K
[12.087s] [01m[K/home/olia/ros2_ws/src/motor/src/driver.cpp:119:5:[m[K [01;31m[Kerror: [m[Kâ€˜[01m[Kgpiod_chip_close[m[Kâ€™ was not declared in this scope; did you mean â€˜[01m[Kgpiod_chip[m[Kâ€™?
[12.088s]   119 |     [01;31m[Kgpiod_chip_close[m[K(chip);
[12.088s]       |     [01;31m[K^~~~~~~~~~~~~~~~[m[K
[12.088s]       |     [32m[Kgpiod_chip[m[K
[16.612s] gmake[2]: *** [CMakeFiles/motor.dir/build.make:76: CMakeFiles/motor.dir/src/driver.cpp.o] Error 1
[16.613s] gmake[1]: *** [CMakeFiles/Makefile2:137: CMakeFiles/motor.dir/all] Error 2
[16.614s] gmake: *** [Makefile:146: all] Error 2
[16.622s] Invoked command in '/home/olia/ros2_ws/src/motor/build/motor' returned '2': CMAKE_PREFIX_PATH=${CMAKE_PREFIX_PATH}:/opt/ros/jazzy DEBUGINFOD_URLS=https://debuginfod.ubuntu.com /usr/bin/cmake --build /home/olia/ros2_ws/src/motor/build/motor -- -j4 -l4
