[ 50%] Built target lines
[ 75%] [32mBuilding CXX object CMakeFiles/motor.dir/src/driver.cpp.o[0m
[01m[K/home/olia/ros2_ws/src/motor/src/driver.cpp:[m[K In constructor â€˜[01m[KMotor::[01;32m[KMotor[m[K()[m[Kâ€™:
[01m[K/home/olia/ros2_ws/src/motor/src/driver.cpp:40:37:[m[K [01;31m[Kerror: [m[Kâ€˜[01m[Kmotor_message[m[Kâ€™ was not declared in this scope; did you mean â€˜[01m[Kmotor_messsage[m[Kâ€™?
   40 |     this->motor_publisher_->publish([01;31m[Kmotor_message[m[K);
      |                                     [01;31m[K^~~~~~~~~~~~~[m[K
      |                                     [32m[Kmotor_messsage[m[K
gmake[2]: *** [CMakeFiles/motor.dir/build.make:76: CMakeFiles/motor.dir/src/driver.cpp.o] Error 1
gmake[1]: *** [CMakeFiles/Makefile2:139: CMakeFiles/motor.dir/all] Error 2
gmake: *** [Makefile:146: all] Error 2
