[0.038s] Invoking command in '/home/olia/ros2_ws/src/motor/build/motor': /usr/bin/cmake --build /home/olia/ros2_ws/src/motor/build/motor -- -j4 -l4
[0.264s] [ 50%] Built target lines
[0.307s] [ 75%] [32mBuilding CXX object CMakeFiles/motor.dir/src/driver.cpp.o[0m
[11.554s] [01m[K/home/olia/ros2_ws/src/motor/src/driver.cpp:[m[K In constructor â€˜[01m[KMotor::[01;32m[KMotor[m[K()[m[Kâ€™:
[11.554s] [01m[K/home/olia/ros2_ws/src/motor/src/driver.cpp:40:37:[m[K [01;31m[Kerror: [m[Kâ€˜[01m[Kmotor_message[m[Kâ€™ was not declared in this scope; did you mean â€˜[01m[Kmotor_messsage[m[Kâ€™?
[11.555s]    40 |     this->motor_publisher_->publish([01;31m[Kmotor_message[m[K);
[11.555s]       |                                     [01;31m[K^~~~~~~~~~~~~[m[K
[11.555s]       |                                     [32m[Kmotor_messsage[m[K
[16.084s] gmake[2]: *** [CMakeFiles/motor.dir/build.make:76: CMakeFiles/motor.dir/src/driver.cpp.o] Error 1
[16.085s] gmake[1]: *** [CMakeFiles/Makefile2:139: CMakeFiles/motor.dir/all] Error 2
[16.086s] gmake: *** [Makefile:146: all] Error 2
[16.093s] Invoked command in '/home/olia/ros2_ws/src/motor/build/motor' returned '2': /usr/bin/cmake --build /home/olia/ros2_ws/src/motor/build/motor -- -j4 -l4
