[0.039s] Invoking command in '/home/olia/ros2_ws/src/motor/build/motor': /usr/bin/cmake --build /home/olia/ros2_ws/src/motor/build/motor -- -j4 -l4
[0.292s] [ 50%] Built target lines
[0.309s] [ 75%] [32mBuilding CXX object CMakeFiles/motor.dir/src/driver.cpp.o[0m
[11.466s] [01m[K/home/olia/ros2_ws/src/motor/src/driver.cpp:44:5:[m[K [01;31m[Kerror: [m[Kexpected â€˜[01m[K;[m[Kâ€™ after class definition
[11.466s]    44 |    }
[11.467s]       |     [01;31m[K^[m[K
[11.467s]       |     [32m[K;[m[K
[11.498s] [01m[K/home/olia/ros2_ws/src/motor/src/driver.cpp:[m[K In constructor â€˜[01m[KMotor::[01;32m[KMotor[m[K()[m[Kâ€™:
[11.499s] [01m[K/home/olia/ros2_ws/src/motor/src/driver.cpp:25:7:[m[K [01;31m[Kerror: [m[Kâ€˜[01m[Kmotor_publisher_[m[Kâ€™ was not declared in this scope; did you mean â€˜[01m[Kcount_publishers[m[Kâ€™?
[11.499s]    25 |       [01;31m[Kmotor_publisher_[m[K = this->create_publisher<std_msgs::msg::String>("motor", 10);
[11.500s]       |       [01;31m[K^~~~~~~~~~~~~~~~[m[K
[11.500s]       |       [32m[Kcount_publishers[m[K
[11.533s] [01m[K/home/olia/ros2_ws/src/motor/src/driver.cpp:26:7:[m[K [01;31m[Kerror: [m[Kâ€˜[01m[Ktimer_[m[Kâ€™ was not declared in this scope; did you mean â€˜[01m[Ktimer_t[m[Kâ€™?
[11.533s]    26 |       [01;31m[Ktimer_[m[K = this->create_wall_timer(500ms, std::bind(&Motor::timer_callback, this));
[11.534s]       |       [01;31m[K^~~~~~[m[K
[11.535s]       |       [32m[Ktimer_t[m[K
[11.535s] [01m[K/home/olia/ros2_ws/src/motor/src/driver.cpp:26:65:[m[K [01;31m[Kerror: [m[Kâ€˜[01m[Ktimer_callback[m[Kâ€™ is not a member of â€˜[01m[KMotor[m[Kâ€™
[11.535s]    26 |       timer_ = this->create_wall_timer(500ms, std::bind(&Motor::[01;31m[Ktimer_callback[m[K, this));
[11.536s]       |                                                                 [01;31m[K^~~~~~~~~~~~~~[m[K
[11.536s] [01m[K/home/olia/ros2_ws/src/motor/src/driver.cpp:40:11:[m[K [01;31m[Kerror: [m[Kâ€˜[01m[Kclass Motor[m[Kâ€™ has no member named â€˜[01m[Kmotor_publisher_[m[Kâ€™; did you mean â€˜[01m[Kcount_publishers[m[Kâ€™?
[11.537s]    40 |     this->[01;31m[Kmotor_publisher_[m[K->publish(motor_message);
[11.537s]       |           [01;31m[K^~~~~~~~~~~~~~~~[m[K
[11.538s]       |           [32m[Kcount_publishers[m[K
[11.560s] [01m[K/home/olia/ros2_ws/src/motor/src/driver.cpp:40:37:[m[K [01;31m[Kerror: [m[Kâ€˜[01m[Kmotor_message[m[Kâ€™ was not declared in this scope; did you mean â€˜[01m[Kmotor_messsage[m[Kâ€™?
[11.561s]    40 |     this->motor_publisher_->publish([01;31m[Kmotor_message[m[K);
[11.561s]       |                                     [01;31m[K^~~~~~~~~~~~~[m[K
[11.561s]       |                                     [32m[Kmotor_messsage[m[K
[11.562s] [01m[K/home/olia/ros2_ws/src/motor/src/driver.cpp:41:13:[m[K [01;31m[Kerror: [m[Kâ€˜[01m[Kclass Motor[m[Kâ€™ has no member named â€˜[01m[Kmotor_publisher_[m[Kâ€™; did you mean â€˜[01m[Kcount_publishers[m[Kâ€™?
[11.563s]    41 |       this->[01;31m[Kmotor_publisher_[m[K->publish(motor_message);
[11.563s]       |             [01;31m[K^~~~~~~~~~~~~~~~[m[K
[11.564s]       |             [32m[Kcount_publishers[m[K
[11.565s] In file included from [01m[K/opt/ros/jazzy/include/rclcpp/rclcpp/copy_all_parameter_values.hpp:27[m[K,
[11.565s]                  from [01m[K/opt/ros/jazzy/include/rclcpp/rclcpp/rclcpp.hpp:171[m[K,
[11.565s]                  from [01m[K/home/olia/ros2_ws/src/motor/src/driver.cpp:12[m[K:
[11.566s] [01m[K/home/olia/ros2_ws/src/motor/src/driver.cpp:[m[K In function â€˜[01m[Kvoid[01;32m[K setup_pin[m[K()[m[Kâ€™:
[11.566s] [01m[K/home/olia/ros2_ws/src/motor/src/driver.cpp:51:19:[m[K [01;31m[Kerror: [m[Kinvalid use of â€˜[01m[Kthis[m[Kâ€™ in non-member function
[11.567s]    51 |       RCLCPP_INFO([01;31m[Kthis[m[K->get_logger(), "'%s'", message.data.c_str());
[11.567s]       |                   [01;31m[K^~~~[m[K
[11.568s] [01m[K/home/olia/ros2_ws/src/motor/src/driver.cpp:51:19:[m[K [01;31m[Kerror: [m[Kinvalid use of â€˜[01m[Kthis[m[Kâ€™ in non-member function
[11.568s] [01m[K/home/olia/ros2_ws/src/motor/src/driver.cpp:51:7:[m[K [01;31m[Kerror: [m[Ktemplate argument 1 is invalid
[11.569s]    51 |       [01;31m[KRCLCPP_INFO[m[K(this->get_logger(), "'%s'", message.data.c_str());
[11.569s]       |       [01;31m[K^~~~~~~~~~~[m[K
[11.570s] [01m[K/home/olia/ros2_ws/src/motor/src/driver.cpp:51:7:[m[K [01;31m[Kerror: [m[Ktemplate argument 1 is invalid
[11.570s]    51 |       [01;31m[KRCLCPP_INFO[m[K(this->get_logger(), "'%s'", message.data.c_str());
[11.571s]       |       [01;31m[K^~~~~~~~~~~[m[K
[11.572s] [01m[K/home/olia/ros2_ws/src/motor/src/driver.cpp:51:7:[m[K [01;31m[Kerror: [m[Ktemplate argument 1 is invalid
[11.572s]    51 |       [01;31m[KRCLCPP_INFO[m[K(this->get_logger(), "'%s'", message.data.c_str());
[11.573s]       |       [01;31m[K^~~~~~~~~~~[m[K
[11.574s] In file included from [01m[K/opt/ros/jazzy/include/rclcpp/rclcpp/logging.hpp:24[m[K:
[11.574s] [01m[K/home/olia/ros2_ws/src/motor/src/driver.cpp:51:19:[m[K [01;31m[Kerror: [m[Kinvalid use of â€˜[01m[Kthis[m[Kâ€™ in non-member function
[11.575s]    51 |       RCLCPP_INFO([01;31m[Kthis[m[K->get_logger(), "'%s'", message.data.c_str());
[11.575s]       |                   [01;31m[K^~~~[m[K
[11.575s] [01m[K/home/olia/ros2_ws/src/motor/src/driver.cpp:51:19:[m[K [01;31m[Kerror: [m[Kinvalid use of â€˜[01m[Kthis[m[Kâ€™ in non-member function
[11.575s]    51 |       RCLCPP_INFO([01;31m[Kthis[m[K->get_logger(), "'%s'", message.data.c_str());
[11.576s]       |                   [01;31m[K^~~~[m[K
[11.587s] [01m[K/home/olia/ros2_ws/src/motor/src/driver.cpp:52:7:[m[K [01;31m[Kerror: [m[Kâ€˜[01m[Kmotor_publisher_[m[Kâ€™ was not declared in this scope
[11.588s]    52 |       [01;31m[Kmotor_publisher_[m[K->publish(message);
[11.588s]       |       [01;31m[K^~~~~~~~~~~~~~~~[m[K
[11.589s] [01m[K/home/olia/ros2_ws/src/motor/src/driver.cpp:[m[K In function â€˜[01m[Kvoid[01;32m[K go[m[K()[m[Kâ€™:
[11.590s] [01m[K/home/olia/ros2_ws/src/motor/src/driver.cpp:59:19:[m[K [01;31m[Kerror: [m[Kinvalid use of â€˜[01m[Kthis[m[Kâ€™ in non-member function
[11.590s]    59 |       RCLCPP_INFO([01;31m[Kthis[m[K->get_logger(), "'%s'", message.data.c_str());
[11.591s]       |                   [01;31m[K^~~~[m[K
[11.591s] [01m[K/home/olia/ros2_ws/src/motor/src/driver.cpp:59:19:[m[K [01;31m[Kerror: [m[Kinvalid use of â€˜[01m[Kthis[m[Kâ€™ in non-member function
[11.592s] [01m[K/home/olia/ros2_ws/src/motor/src/driver.cpp:59:7:[m[K [01;31m[Kerror: [m[Ktemplate argument 1 is invalid
[11.592s]    59 |       [01;31m[KRCLCPP_INFO[m[K(this->get_logger(), "'%s'", message.data.c_str());
[11.593s]       |       [01;31m[K^~~~~~~~~~~[m[K
[11.593s] [01m[K/home/olia/ros2_ws/src/motor/src/driver.cpp:59:7:[m[K [01;31m[Kerror: [m[Ktemplate argument 1 is invalid
[11.593s]    59 |       [01;31m[KRCLCPP_INFO[m[K(this->get_logger(), "'%s'", message.data.c_str());
[11.594s]       |       [01;31m[K^~~~~~~~~~~[m[K
[11.594s] [01m[K/home/olia/ros2_ws/src/motor/src/driver.cpp:59:7:[m[K [01;31m[Kerror: [m[Ktemplate argument 1 is invalid
[11.595s]    59 |       [01;31m[KRCLCPP_INFO[m[K(this->get_logger(), "'%s'", message.data.c_str());
[11.595s]       |       [01;31m[K^~~~~~~~~~~[m[K
[11.596s] [01m[K/home/olia/ros2_ws/src/motor/src/driver.cpp:59:19:[m[K [01;31m[Kerror: [m[Kinvalid use of â€˜[01m[Kthis[m[Kâ€™ in non-member function
[11.596s]    59 |       RCLCPP_INFO([01;31m[Kthis[m[K->get_logger(), "'%s'", message.data.c_str());
[11.597s]       |                   [01;31m[K^~~~[m[K
[11.597s] [01m[K/home/olia/ros2_ws/src/motor/src/driver.cpp:59:19:[m[K [01;31m[Kerror: [m[Kinvalid use of â€˜[01m[Kthis[m[Kâ€™ in non-member function
[11.598s]    59 |       RCLCPP_INFO([01;31m[Kthis[m[K->get_logger(), "'%s'", message.data.c_str());
[11.598s]       |                   [01;31m[K^~~~[m[K
[11.613s] [01m[K/home/olia/ros2_ws/src/motor/src/driver.cpp:60:7:[m[K [01;31m[Kerror: [m[Kâ€˜[01m[Kmotor_publisher_[m[Kâ€™ was not declared in this scope
[11.614s]    60 |       [01;31m[Kmotor_publisher_[m[K->publish(message);
[11.614s]       |       [01;31m[K^~~~~~~~~~~~~~~~[m[K
[11.615s] [01m[K/home/olia/ros2_ws/src/motor/src/driver.cpp:[m[K At global scope:
[11.615s] [01m[K/home/olia/ros2_ws/src/motor/src/driver.cpp:65:1:[m[K [01;31m[Kerror: [m[Kexpected unqualified-id before â€˜[01m[Kprivate[m[Kâ€™
[11.615s]    65 | [01;31m[Kprivate[m[K:
[11.616s]       | [01;31m[K^~~~~~~[m[K
[11.629s] [01m[K/home/olia/ros2_ws/src/motor/src/driver.cpp:85:1:[m[K [01;31m[Kerror: [m[Kexpected declaration before â€˜[01m[K}[m[Kâ€™ token
[11.630s]    85 | [01;31m[K}[m[K;
[11.630s]       | [01;31m[K^[m[K
[11.631s] [01m[K/home/olia/ros2_ws/src/motor/src/driver.cpp:[m[K In function â€˜[01m[Kint[01;32m[K main[m[K(int, char**)[m[Kâ€™:
[11.631s] [01m[K/home/olia/ros2_ws/src/motor/src/driver.cpp:91:9:[m[K [01;31m[Kerror: [m[Kâ€˜[01m[Kclass Motor[m[Kâ€™ has no member named â€˜[01m[Ksetup_pin[m[Kâ€™
[11.632s]    91 |   motor.[01;31m[Ksetup_pin[m[K();
[11.632s]       |         [01;31m[K^~~~~~~~~[m[K
[11.632s] [01m[K/home/olia/ros2_ws/src/motor/src/driver.cpp:92:9:[m[K [01;31m[Kerror: [m[Kâ€˜[01m[Kclass Motor[m[Kâ€™ has no member named â€˜[01m[Kgo[m[Kâ€™
[11.633s]    92 |   motor.[01;31m[Kgo[m[K();
[11.633s]       |         [01;31m[K^~[m[K
[15.665s] gmake[2]: *** [CMakeFiles/motor.dir/build.make:76: CMakeFiles/motor.dir/src/driver.cpp.o] Error 1
[15.665s] gmake[1]: *** [CMakeFiles/Makefile2:139: CMakeFiles/motor.dir/all] Error 2
[15.666s] gmake: *** [Makefile:146: all] Error 2
[15.674s] Invoked command in '/home/olia/ros2_ws/src/motor/build/motor' returned '2': /usr/bin/cmake --build /home/olia/ros2_ws/src/motor/build/motor -- -j4 -l4
