[0.037s] Invoking command in '/home/olia/ros2_ws/src/motor/build/motor': DEBUGINFOD_URLS=https://debuginfod.ubuntu.com /usr/bin/cmake --build /home/olia/ros2_ws/src/motor/build/motor -- -j4 -l4
[0.308s] [ 50%] [32mBuilding CXX object CMakeFiles/motor.dir/src/driver.cpp.o[0m
[11.510s] [01m[K/home/olia/ros2_ws/src/motor/src/driver.cpp:[m[K In function â€˜[01m[Kint[01;32m[K main[m[K(int, char**)[m[Kâ€™:
[11.511s] [01m[K/home/olia/ros2_ws/src/motor/src/driver.cpp:80:18:[m[K [01;35m[Kwarning: [m[Kunused variable â€˜[01m[Kline_num2[m[Kâ€™ [[01;35m[K-Wunused-variable[m[K]
[11.511s]    80 |     unsigned int [01;35m[Kline_num2[m[K = 20;
[11.512s]       |                  [01;35m[K^~~~~~~~~[m[K
[11.512s] [01m[K/home/olia/ros2_ws/src/motor/src/driver.cpp:81:14:[m[K [01;35m[Kwarning: [m[Kvariable â€˜[01m[Kval2[m[Kâ€™ set but not used [[01;35m[K-Wunused-but-set-variable[m[K]
[11.512s]    81 |     int val, [01;35m[Kval2[m[K;
[11.513s]       |              [01;35m[K^~~~[m[K
[21.252s] Assembler messages:
[21.253s] Fatal error: can't create CMakeFiles/motor.dir/src/driver.cpp.o: Permission denied
[21.259s] gmake[2]: *** [CMakeFiles/motor.dir/build.make:76: CMakeFiles/motor.dir/src/driver.cpp.o] Error 1
[21.261s] gmake[1]: *** [CMakeFiles/Makefile2:137: CMakeFiles/motor.dir/all] Error 2
[21.262s] gmake: *** [Makefile:146: all] Error 2
[21.271s] Invoked command in '/home/olia/ros2_ws/src/motor/build/motor' returned '2': DEBUGINFOD_URLS=https://debuginfod.ubuntu.com /usr/bin/cmake --build /home/olia/ros2_ws/src/motor/build/motor -- -j4 -l4
