-- Found ament_cmake: 2.5.2 (/opt/ros/jazzy/share/ament_cmake/cmake)
-- Found rclcpp: 28.1.3 (/opt/ros/jazzy/share/rclcpp/cmake)
-- Found rosidl_generator_c: 4.6.3 (/opt/ros/jazzy/share/rosidl_generator_c/cmake)
-- Found rosidl_generator_cpp: 4.6.3 (/opt/ros/jazzy/share/rosidl_generator_cpp/cmake)
-- Using all available rosidl_typesupport_c: rosidl_typesupport_fastrtps_c;rosidl_typesupport_introspection_c
-- Using all available rosidl_typesupport_cpp: rosidl_typesupport_fastrtps_cpp;rosidl_typesupport_introspection_cpp
-- Found rmw_implementation_cmake: 7.3.1 (/opt/ros/jazzy/share/rmw_implementation_cmake/cmake)
-- Found rmw_fastrtps_cpp: 8.4.1 (/opt/ros/jazzy/share/rmw_fastrtps_cpp/cmake)
-- Using RMW implementation 'rmw_fastrtps_cpp' as default
-- Found std_msgs: 5.3.5 (/opt/ros/jazzy/share/std_msgs/cmake)
-- Configuring done (2.7s)
-- Generating done (0.0s)
-- Build files have been written to: /home/olia/ros2_ws/src/motor/build/motor
[ 50%] [32mBuilding CXX object CMakeFiles/motor.dir/src/driver.cpp.o[0m
[01m[K/home/olia/ros2_ws/src/motor/src/driver.cpp:[m[K In function â€˜[01m[Kint[01;32m[K main[m[K(int, char**)[m[Kâ€™:
[01m[K/home/olia/ros2_ws/src/motor/src/driver.cpp:78:12:[m[K [01;31m[Kerror: [m[Kâ€˜[01m[Kgpiod_chip_open[m[Kâ€™ was not declared in this scope; did you mean â€˜[01m[Kgpiod_chip[m[Kâ€™?
   78 |     chip = [01;31m[Kgpiod_chip_open[m[K("/dev/gpiochip0");
      |            [01;31m[K^~~~~~~~~~~~~~~[m[K
      |            [32m[Kgpiod_chip[m[K
[01m[K/home/olia/ros2_ws/src/motor/src/driver.cpp:81:12:[m[K [01;31m[Kerror: [m[Kâ€˜[01m[Kgpiod_chip_get_line[m[Kâ€™ was not declared in this scope
   81 |     line = [01;31m[Kgpiod_chip_get_line[m[K(chip, 21);
      |            [01;31m[K^~~~~~~~~~~~~~~~~~~[m[K
[01m[K/home/olia/ros2_ws/src/motor/src/driver.cpp:83:9:[m[K [01;31m[Kerror: [m[Kâ€˜[01m[Kgpiod_chip_close[m[Kâ€™ was not declared in this scope; did you mean â€˜[01m[Kgpiod_chip[m[Kâ€™?
   83 |         [01;31m[Kgpiod_chip_close[m[K(chip);
      |         [01;31m[K^~~~~~~~~~~~~~~~[m[K
      |         [32m[Kgpiod_chip[m[K
[01m[K/home/olia/ros2_ws/src/motor/src/driver.cpp:86:11:[m[K [01;31m[Kerror: [m[Kâ€˜[01m[Kgpiod_line_request_input[m[Kâ€™ was not declared in this scope
   86 |     req = [01;31m[Kgpiod_line_request_input[m[K(line, "gpio_state");
      |           [01;31m[K^~~~~~~~~~~~~~~~~~~~~~~~[m[K
[01m[K/home/olia/ros2_ws/src/motor/src/driver.cpp:88:9:[m[K [01;31m[Kerror: [m[Kâ€˜[01m[Kgpiod_chip_close[m[Kâ€™ was not declared in this scope; did you mean â€˜[01m[Kgpiod_chip[m[Kâ€™?
   88 |         [01;31m[Kgpiod_chip_close[m[K(chip);
      |         [01;31m[K^~~~~~~~~~~~~~~~[m[K
      |         [32m[Kgpiod_chip[m[K
[01m[K/home/olia/ros2_ws/src/motor/src/driver.cpp:91:13:[m[K [01;31m[Kerror: [m[Kâ€˜[01m[Kgpiod_line_get_value[m[Kâ€™ was not declared in this scope
   91 |     value = [01;31m[Kgpiod_line_get_value[m[K(line);
      |             [01;31m[K^~~~~~~~~~~~~~~~~~~~[m[K
[01m[K/home/olia/ros2_ws/src/motor/src/driver.cpp:93:5:[m[K [01;31m[Kerror: [m[Kâ€˜[01m[Kgpiod_chip_close[m[Kâ€™ was not declared in this scope; did you mean â€˜[01m[Kgpiod_chip[m[Kâ€™?
   93 |     [01;31m[Kgpiod_chip_close[m[K(chip);
      |     [01;31m[K^~~~~~~~~~~~~~~~[m[K
      |     [32m[Kgpiod_chip[m[K
gmake[2]: *** [CMakeFiles/motor.dir/build.make:76: CMakeFiles/motor.dir/src/driver.cpp.o] Error 1
gmake[1]: *** [CMakeFiles/Makefile2:137: CMakeFiles/motor.dir/all] Error 2
gmake: *** [Makefile:146: all] Error 2
