[0.059s] Invoking command in '/home/olia/ros2_ws/src/motor/build/motor': CMAKE_PREFIX_PATH=${CMAKE_PREFIX_PATH}:/opt/ros/jazzy DEBUGINFOD_URLS=https://debuginfod.ubuntu.com /usr/bin/cmake --build /home/olia/ros2_ws/src/motor/build/motor -- -j4 -l4
[0.204s] -- Found ament_cmake: 2.5.2 (/opt/ros/jazzy/share/ament_cmake/cmake)
[1.285s] -- Found rclcpp: 28.1.3 (/opt/ros/jazzy/share/rclcpp/cmake)
[1.472s] -- Found rosidl_generator_c: 4.6.3 (/opt/ros/jazzy/share/rosidl_generator_c/cmake)
[1.512s] -- Found rosidl_generator_cpp: 4.6.3 (/opt/ros/jazzy/share/rosidl_generator_cpp/cmake)
[1.560s] -- Using all available rosidl_typesupport_c: rosidl_typesupport_fastrtps_c;rosidl_typesupport_introspection_c
[1.617s] -- Using all available rosidl_typesupport_cpp: rosidl_typesupport_fastrtps_cpp;rosidl_typesupport_introspection_cpp
[1.849s] -- Found rmw_implementation_cmake: 7.3.1 (/opt/ros/jazzy/share/rmw_implementation_cmake/cmake)
[1.855s] -- Found rmw_fastrtps_cpp: 8.4.1 (/opt/ros/jazzy/share/rmw_fastrtps_cpp/cmake)
[2.164s] -- Using RMW implementation 'rmw_fastrtps_cpp' as default
[2.441s] -- Found std_msgs: 5.3.5 (/opt/ros/jazzy/share/std_msgs/cmake)
[2.926s] -- Configuring done (2.7s)
[2.987s] -- Generating done (0.0s)
[2.998s] -- Build files have been written to: /home/olia/ros2_ws/src/motor/build/motor
[3.216s] [ 50%] [32mBuilding CXX object CMakeFiles/motor.dir/src/driver.cpp.o[0m
[14.264s] [01m[K/home/olia/ros2_ws/src/motor/src/driver.cpp:[m[K In function â€˜[01m[Kint[01;32m[K main[m[K(int, char**)[m[Kâ€™:
[14.264s] [01m[K/home/olia/ros2_ws/src/motor/src/driver.cpp:78:12:[m[K [01;31m[Kerror: [m[Kâ€˜[01m[Kgpiod_chip_open[m[Kâ€™ was not declared in this scope; did you mean â€˜[01m[Kgpiod_chip[m[Kâ€™?
[14.265s]    78 |     chip = [01;31m[Kgpiod_chip_open[m[K("/dev/gpiochip0");
[14.266s]       |            [01;31m[K^~~~~~~~~~~~~~~[m[K
[14.266s]       |            [32m[Kgpiod_chip[m[K
[14.288s] [01m[K/home/olia/ros2_ws/src/motor/src/driver.cpp:81:12:[m[K [01;31m[Kerror: [m[Kâ€˜[01m[Kgpiod_chip_get_line[m[Kâ€™ was not declared in this scope
[14.289s]    81 |     line = [01;31m[Kgpiod_chip_get_line[m[K(chip, 21);
[14.290s]       |            [01;31m[K^~~~~~~~~~~~~~~~~~~[m[K
[14.309s] [01m[K/home/olia/ros2_ws/src/motor/src/driver.cpp:83:9:[m[K [01;31m[Kerror: [m[Kâ€˜[01m[Kgpiod_chip_close[m[Kâ€™ was not declared in this scope; did you mean â€˜[01m[Kgpiod_chip[m[Kâ€™?
[14.309s]    83 |         [01;31m[Kgpiod_chip_close[m[K(chip);
[14.310s]       |         [01;31m[K^~~~~~~~~~~~~~~~[m[K
[14.310s]       |         [32m[Kgpiod_chip[m[K
[14.340s] [01m[K/home/olia/ros2_ws/src/motor/src/driver.cpp:86:11:[m[K [01;31m[Kerror: [m[Kâ€˜[01m[Kgpiod_line_request_input[m[Kâ€™ was not declared in this scope
[14.341s]    86 |     req = [01;31m[Kgpiod_line_request_input[m[K(line, "gpio_state");
[14.341s]       |           [01;31m[K^~~~~~~~~~~~~~~~~~~~~~~~[m[K
[14.360s] [01m[K/home/olia/ros2_ws/src/motor/src/driver.cpp:88:9:[m[K [01;31m[Kerror: [m[Kâ€˜[01m[Kgpiod_chip_close[m[Kâ€™ was not declared in this scope; did you mean â€˜[01m[Kgpiod_chip[m[Kâ€™?
[14.361s]    88 |         [01;31m[Kgpiod_chip_close[m[K(chip);
[14.361s]       |         [01;31m[K^~~~~~~~~~~~~~~~[m[K
[14.362s]       |         [32m[Kgpiod_chip[m[K
[14.386s] [01m[K/home/olia/ros2_ws/src/motor/src/driver.cpp:91:13:[m[K [01;31m[Kerror: [m[Kâ€˜[01m[Kgpiod_line_get_value[m[Kâ€™ was not declared in this scope
[14.387s]    91 |     value = [01;31m[Kgpiod_line_get_value[m[K(line);
[14.388s]       |             [01;31m[K^~~~~~~~~~~~~~~~~~~~[m[K
[14.407s] [01m[K/home/olia/ros2_ws/src/motor/src/driver.cpp:93:5:[m[K [01;31m[Kerror: [m[Kâ€˜[01m[Kgpiod_chip_close[m[Kâ€™ was not declared in this scope; did you mean â€˜[01m[Kgpiod_chip[m[Kâ€™?
[14.407s]    93 |     [01;31m[Kgpiod_chip_close[m[K(chip);
[14.408s]       |     [01;31m[K^~~~~~~~~~~~~~~~[m[K
[14.408s]       |     [32m[Kgpiod_chip[m[K
[18.895s] gmake[2]: *** [CMakeFiles/motor.dir/build.make:76: CMakeFiles/motor.dir/src/driver.cpp.o] Error 1
[18.896s] gmake[1]: *** [CMakeFiles/Makefile2:137: CMakeFiles/motor.dir/all] Error 2
[18.897s] gmake: *** [Makefile:146: all] Error 2
[18.904s] Invoked command in '/home/olia/ros2_ws/src/motor/build/motor' returned '2': CMAKE_PREFIX_PATH=${CMAKE_PREFIX_PATH}:/opt/ros/jazzy DEBUGINFOD_URLS=https://debuginfod.ubuntu.com /usr/bin/cmake --build /home/olia/ros2_ws/src/motor/build/motor -- -j4 -l4
