[01m[K/home/olia/ros2_ws/src/motor/src/driver.cpp:[m[K In function â€˜[01m[Kint[01;32m[K main[m[K(int, char**)[m[Kâ€™:
[01m[K/home/olia/ros2_ws/src/motor/src/driver.cpp:83:31:[m[K [01;31m[Kerror: [m[Ktoo many arguments to function â€˜[01m[Kgpiod_chip_info*[01;32m[K gpiod_chip_get_info[m[K(gpiod_chip*)[m[Kâ€™
   83 |     line = [01;31m[Kgpiod_chip_get_info(chip, 21)[m[K;
      |            [01;31m[K~~~~~~~~~~~~~~~~~~~^~~~~~~~~~[m[K
In file included from [01m[K/home/olia/ros2_ws/src/motor/src/driver.cpp:5[m[K:
[01m[K/usr/include/gpiod.h:191:25:[m[K [01;36m[Knote: [m[Kdeclared here
  191 | struct gpiod_chip_info *[01;36m[Kgpiod_chip_get_info[m[K(struct gpiod_chip *chip);
      |                         [01;36m[K^~~~~~~~~~~~~~~~~~~[m[K
[01m[K/home/olia/ros2_ws/src/motor/src/driver.cpp:83:31:[m[K [01;31m[Kerror: [m[Kcannot convert â€˜[01m[Kgpiod_chip_info*[m[Kâ€™ to â€˜[01m[Kmain(int, char**)::gpiod_line*[m[Kâ€™ in assignment
   83 |     line = [01;31m[Kgpiod_chip_get_info(chip, 21)[m[K;
      |            [01;31m[K~~~~~~~~~~~~~~~~~~~^~~~~~~~~~[m[K
      |                               [01;31m[K|[m[K
      |                               [01;31m[Kgpiod_chip_info*[m[K
[01m[K/usr/include/gpiod.h:73:8:[m[K [01;36m[Knote: [m[Kclass type â€˜[01m[Kgpiod_chip_info[m[Kâ€™ is incomplete
   73 | struct [01;36m[Kgpiod_chip_info[m[K;
      |        [01;36m[K^~~~~~~~~~~~~~~[m[K
[01m[K/home/olia/ros2_ws/src/motor/src/driver.cpp:88:13:[m[K [01;31m[Kerror: [m[Kinvalid cast from type â€˜[01m[Kmain(int, char**)::gpiod_line*[m[Kâ€™ to type â€˜[01m[Kgpiod_line_value[m[Kâ€™
   88 |     value = [01;31m[Kgpiod_line_value(line)[m[K;
      |             [01;31m[K^~~~~~~~~~~~~~~~~~~~~~[m[K
[01m[K/home/olia/ros2_ws/src/motor/src/driver.cpp:78:9:[m[K [01;35m[Kwarning: [m[Kunused variable â€˜[01m[Kreq[m[Kâ€™ [[01;35m[K-Wunused-variable[m[K]
   78 |     int [01;35m[Kreq[m[K, value;
      |         [01;35m[K^~~[m[K
gmake[2]: *** [CMakeFiles/motor.dir/build.make:76: CMakeFiles/motor.dir/src/driver.cpp.o] Error 1
gmake[1]: *** [CMakeFiles/Makefile2:137: CMakeFiles/motor.dir/all] Error 2
gmake: *** [Makefile:146: all] Error 2
